<?xml version="1.0" encoding="UTF-8" ?>
<testsuite tests="19" failures="0" name="fr.femtost.disc.glcomp.m1comp6.memory.HeapTest" time="0.005" errors="0" skipped="0">
  <properties>
[...]
</properties>
  <testcase classname="fr.femtost.disc.glcomp.m1comp6.memory.HeapTest" name="removeRefTest" time="0.001"/>
  <testcase classname="fr.femtost.disc.glcomp.m1comp6.memory.HeapTest" name="addRefTest" time="0.001"/>
  <testcase classname="fr.femtost.disc.glcomp.m1comp6.memory.HeapTest" name="getHeapEntryTest2" time="0"/>
  <testcase classname="fr.femtost.disc.glcomp.m1comp6.memory.HeapTest" name="insertTest1" time="0"/>
  <testcase classname="fr.femtost.disc.glcomp.m1comp6.memory.HeapTest" name="insertTest2" time="0"/>
  <testcase classname="fr.femtost.disc.glcomp.m1comp6.memory.HeapTest" name="insertTest3" time="0"/>
  <testcase classname="fr.femtost.disc.glcomp.m1comp6.memory.HeapTest" name="insertTest4" time="0"/>
  <testcase classname="fr.femtost.disc.glcomp.m1comp6.memory.HeapTest" name="insertTest5" time="0"/>
  <testcase classname="fr.femtost.disc.glcomp.m1comp6.memory.HeapTest" name="insertTest6" time="0"/>
  <testcase classname="fr.femtost.disc.glcomp.m1comp6.memory.HeapTest" name="setEntryValueAtTest1" time="0.001"/>
  <testcase classname="fr.femtost.disc.glcomp.m1comp6.memory.HeapTest" name="setEntryValueAtTest2" time="0"/>
  <testcase classname="fr.femtost.disc.glcomp.m1comp6.memory.HeapTest" name="setEntryValueAtTest3" time="0"/>
  <testcase classname="fr.femtost.disc.glcomp.m1comp6.memory.HeapTest" name="setEntryValueAtTest4" time="0"/>
  <testcase classname="fr.femtost.disc.glcomp.m1comp6.memory.HeapTest" name="getEntryValueAtTest1" time="0.001"/>
  <testcase classname="fr.femtost.disc.glcomp.m1comp6.memory.HeapTest" name="getEntryValueAtTest2" time="0"/>
  <testcase classname="fr.femtost.disc.glcomp.m1comp6.memory.HeapTest" name="getEntryValueAtTest3" time="0.001"/>
  <testcase classname="fr.femtost.disc.glcomp.m1comp6.memory.HeapTest" name="getEntryValueAtTest4" time="0"/>
  <testcase classname="fr.femtost.disc.glcomp.m1comp6.memory.HeapTest" name="getHeapEntryTest" time="0"/>
  <testcase classname="fr.femtost.disc.glcomp.m1comp6.memory.HeapTest" name="removeRefTest2" time="0"/>
</testsuite>