<?xml version="1.0" encoding="UTF-8" ?>
<testsuite tests="87" failures="0" name="fr.femtost.disc.glcomp.m1comp6.interpreters.jjc.InterpreterVisitorTest" time="0.029" errors="0" skipped="0">
  <properties>
[...]
</properties>
  <testcase classname="fr.femtost.disc.glcomp.m1comp6.interpreters.jjc.InterpreterVisitorTest" name="nodeMulTest" time="0.012"/>
  <testcase classname="fr.femtost.disc.glcomp.m1comp6.interpreters.jjc.InterpreterVisitorTest" name="nodeSwapTest1" time="0"/>
  <testcase classname="fr.femtost.disc.glcomp.m1comp6.interpreters.jjc.InterpreterVisitorTest" name="nodeSwapTest2" time="0"/>
  <testcase classname="fr.femtost.disc.glcomp.m1comp6.interpreters.jjc.InterpreterVisitorTest" name="nodeInvokeExceptionTest" time="0.002"/>
  <testcase classname="fr.femtost.disc.glcomp.m1comp6.interpreters.jjc.InterpreterVisitorTest" name="NodeAstoreTest2" time="0"/>
  <testcase classname="fr.femtost.disc.glcomp.m1comp6.interpreters.jjc.InterpreterVisitorTest" name="nodeJcstopTest" time="0"/>
  <testcase classname="fr.femtost.disc.glcomp.m1comp6.interpreters.jjc.InterpreterVisitorTest" name="nodeAndTest1" time="0"/>
  <testcase classname="fr.femtost.disc.glcomp.m1comp6.interpreters.jjc.InterpreterVisitorTest" name="nodeAndTest2" time="0.001"/>
  <testcase classname="fr.femtost.disc.glcomp.m1comp6.interpreters.jjc.InterpreterVisitorTest" name="nodeSupExceptionTest" time="0"/>
  <testcase classname="fr.femtost.disc.glcomp.m1comp6.interpreters.jjc.InterpreterVisitorTest" name="nodeNumberTest" time="0"/>
  <testcase classname="fr.femtost.disc.glcomp.m1comp6.interpreters.jjc.InterpreterVisitorTest" name="nodeNotExceptionTest" time="0"/>
  <testcase classname="fr.femtost.disc.glcomp.m1comp6.interpreters.jjc.InterpreterVisitorTest" name="nodeAincTest" time="0"/>
  <testcase classname="fr.femtost.disc.glcomp.m1comp6.interpreters.jjc.InterpreterVisitorTest" name="nodeNegExceptionTest" time="0"/>
  <testcase classname="fr.femtost.disc.glcomp.m1comp6.interpreters.jjc.InterpreterVisitorTest" name="NodeAloadTest" time="0"/>
  <testcase classname="fr.femtost.disc.glcomp.m1comp6.interpreters.jjc.InterpreterVisitorTest" name="nodeTypeTest" time="0.001"/>
  <testcase classname="fr.femtost.disc.glcomp.m1comp6.interpreters.jjc.InterpreterVisitorTest" name="nodeOrExceptionTest" time="0.001"/>
  <testcase classname="fr.femtost.disc.glcomp.m1comp6.interpreters.jjc.InterpreterVisitorTest" name="nodeKindTest" time="0"/>
  <testcase classname="fr.femtost.disc.glcomp.m1comp6.interpreters.jjc.InterpreterVisitorTest" name="nodeCmpExceptionTest" time="0"/>
  <testcase classname="fr.femtost.disc.glcomp.m1comp6.interpreters.jjc.InterpreterVisitorTest" name="nodeAndExceptionTest" time="0"/>
  <testcase classname="fr.femtost.disc.glcomp.m1comp6.interpreters.jjc.InterpreterVisitorTest" name="nodeIfTestTrue" time="0"/>
  <testcase classname="fr.femtost.disc.glcomp.m1comp6.interpreters.jjc.InterpreterVisitorTest" name="nodeIfTestFalse" time="0.001"/>
  <testcase classname="fr.femtost.disc.glcomp.m1comp6.interpreters.jjc.InterpreterVisitorTest" name="nodeMulExceptionTest" time="0"/>
  <testcase classname="fr.femtost.disc.glcomp.m1comp6.interpreters.jjc.InterpreterVisitorTest" name="nodeIncTest1" time="0"/>
  <testcase classname="fr.femtost.disc.glcomp.m1comp6.interpreters.jjc.InterpreterVisitorTest" name="nodeIncTest2" time="0.001"/>
  <testcase classname="fr.femtost.disc.glcomp.m1comp6.interpreters.jjc.InterpreterVisitorTest" name="nodeInstrTest" time="0"/>
  <testcase classname="fr.femtost.disc.glcomp.m1comp6.interpreters.jjc.InterpreterVisitorTest" name="nodeJcnilTest" time="0"/>
  <testcase classname="fr.femtost.disc.glcomp.m1comp6.interpreters.jjc.InterpreterVisitorTest" name="nodeIdentTest" time="0"/>
  <testcase classname="fr.femtost.disc.glcomp.m1comp6.interpreters.jjc.InterpreterVisitorTest" name="nodeInitTest" time="0"/>
  <testcase classname="fr.femtost.disc.glcomp.m1comp6.interpreters.jjc.InterpreterVisitorTest" name="nodePushFalseTest" time="0.001"/>
  <testcase classname="fr.femtost.disc.glcomp.m1comp6.interpreters.jjc.InterpreterVisitorTest" name="nodeDivTest1" time="0"/>
  <testcase classname="fr.femtost.disc.glcomp.m1comp6.interpreters.jjc.InterpreterVisitorTest" name="nodeDivTest2" time="0"/>
  <testcase classname="fr.femtost.disc.glcomp.m1comp6.interpreters.jjc.InterpreterVisitorTest" name="nodeDivTest3" time="0.001"/>
  <testcase classname="fr.femtost.disc.glcomp.m1comp6.interpreters.jjc.InterpreterVisitorTest" name="nodeStoreTest1" time="0"/>
  <testcase classname="fr.femtost.disc.glcomp.m1comp6.interpreters.jjc.InterpreterVisitorTest" name="nodeStoreTest2" time="0"/>
  <testcase classname="fr.femtost.disc.glcomp.m1comp6.interpreters.jjc.InterpreterVisitorTest" name="nodeStoreTest3" time="0"/>
  <testcase classname="fr.femtost.disc.glcomp.m1comp6.interpreters.jjc.InterpreterVisitorTest" name="nodeStoreTest4" time="0"/>
  <testcase classname="fr.femtost.disc.glcomp.m1comp6.interpreters.jjc.InterpreterVisitorTest" name="nodeStoreTest5" time="0.001"/>
  <testcase classname="fr.femtost.disc.glcomp.m1comp6.interpreters.jjc.InterpreterVisitorTest" name="nodeOrTest1" time="0"/>
  <testcase classname="fr.femtost.disc.glcomp.m1comp6.interpreters.jjc.InterpreterVisitorTest" name="nodeOrTest2" time="0"/>
  <testcase classname="fr.femtost.disc.glcomp.m1comp6.interpreters.jjc.InterpreterVisitorTest" name="nodeReturnExceptionTest" time="0"/>
  <testcase classname="fr.femtost.disc.glcomp.m1comp6.interpreters.jjc.InterpreterVisitorTest" name="nodePushNumberTest" time="0"/>
  <testcase classname="fr.femtost.disc.glcomp.m1comp6.interpreters.jjc.InterpreterVisitorTest" name="nodeAddTest" time="0"/>
  <testcase classname="fr.femtost.disc.glcomp.m1comp6.interpreters.jjc.InterpreterVisitorTest" name="nodeAincExceptionTest" time="0"/>
  <testcase classname="fr.femtost.disc.glcomp.m1comp6.interpreters.jjc.InterpreterVisitorTest" name="nodePopTest2" time="0.001"/>
  <testcase classname="fr.femtost.disc.glcomp.m1comp6.interpreters.jjc.InterpreterVisitorTest" name="nodePopTest3" time="0"/>
  <testcase classname="fr.femtost.disc.glcomp.m1comp6.interpreters.jjc.InterpreterVisitorTest" name="nodeIfExceptionTest" time="0"/>
  <testcase classname="fr.femtost.disc.glcomp.m1comp6.interpreters.jjc.InterpreterVisitorTest" name="nodeNewArrayTest" time="0.001"/>
  <testcase classname="fr.femtost.disc.glcomp.m1comp6.interpreters.jjc.InterpreterVisitorTest" name="nodeReturnTest" time="0"/>
  <testcase classname="fr.femtost.disc.glcomp.m1comp6.interpreters.jjc.InterpreterVisitorTest" name="nodeNegTest1" time="0"/>
  <testcase classname="fr.femtost.disc.glcomp.m1comp6.interpreters.jjc.InterpreterVisitorTest" name="nodeNegTest2" time="0"/>
  <testcase classname="fr.femtost.disc.glcomp.m1comp6.interpreters.jjc.InterpreterVisitorTest" name="nodeLoadExceptionTest" time="0"/>
  <testcase classname="fr.femtost.disc.glcomp.m1comp6.interpreters.jjc.InterpreterVisitorTest" name="NodeNopTest" time="0"/>
  <testcase classname="fr.femtost.disc.glcomp.m1comp6.interpreters.jjc.InterpreterVisitorTest" name="nodePushTrueTest" time="0"/>
  <testcase classname="fr.femtost.disc.glcomp.m1comp6.interpreters.jjc.InterpreterVisitorTest" name="nodeNewMTest" time="0.001"/>
  <testcase classname="fr.femtost.disc.glcomp.m1comp6.interpreters.jjc.InterpreterVisitorTest" name="nodeInvokeTest" time="0"/>
  <testcase classname="fr.femtost.disc.glcomp.m1comp6.interpreters.jjc.InterpreterVisitorTest" name="nodeLoadTest1" time="0"/>
  <testcase classname="fr.femtost.disc.glcomp.m1comp6.interpreters.jjc.InterpreterVisitorTest" name="nodeLoadTest2" time="0"/>
  <testcase classname="fr.femtost.disc.glcomp.m1comp6.interpreters.jjc.InterpreterVisitorTest" name="nodeNewTestCst1" time="0.001"/>
  <testcase classname="fr.femtost.disc.glcomp.m1comp6.interpreters.jjc.InterpreterVisitorTest" name="nodeNewTestCst2" time="0"/>
  <testcase classname="fr.femtost.disc.glcomp.m1comp6.interpreters.jjc.InterpreterVisitorTest" name="nodeNewTestCst3" time="0"/>
  <testcase classname="fr.femtost.disc.glcomp.m1comp6.interpreters.jjc.InterpreterVisitorTest" name="nodeNewTestCst4" time="0.001"/>
  <testcase classname="fr.femtost.disc.glcomp.m1comp6.interpreters.jjc.InterpreterVisitorTest" name="nodeNewTestCst5" time="0"/>
  <testcase classname="fr.femtost.disc.glcomp.m1comp6.interpreters.jjc.InterpreterVisitorTest" name="nodeNewTestVar1" time="0"/>
  <testcase classname="fr.femtost.disc.glcomp.m1comp6.interpreters.jjc.InterpreterVisitorTest" name="nodeNewTestVar2" time="0"/>
  <testcase classname="fr.femtost.disc.glcomp.m1comp6.interpreters.jjc.InterpreterVisitorTest" name="nodeNewTestVar3" time="0"/>
  <testcase classname="fr.femtost.disc.glcomp.m1comp6.interpreters.jjc.InterpreterVisitorTest" name="nodeNewTestVar4" time="0"/>
  <testcase classname="fr.femtost.disc.glcomp.m1comp6.interpreters.jjc.InterpreterVisitorTest" name="nodeNewTestVar5" time="0"/>
  <testcase classname="fr.femtost.disc.glcomp.m1comp6.interpreters.jjc.InterpreterVisitorTest" name="nodeNotTest1" time="0"/>
  <testcase classname="fr.femtost.disc.glcomp.m1comp6.interpreters.jjc.InterpreterVisitorTest" name="nodeNotTest2" time="0"/>
  <testcase classname="fr.femtost.disc.glcomp.m1comp6.interpreters.jjc.InterpreterVisitorTest" name="nodeAddExceptionTest" time="0"/>
  <testcase classname="fr.femtost.disc.glcomp.m1comp6.interpreters.jjc.InterpreterVisitorTest" name="nodeIncExceptioncTest" time="0"/>
  <testcase classname="fr.femtost.disc.glcomp.m1comp6.interpreters.jjc.InterpreterVisitorTest" name="nodeSubExceptionTest" time="0"/>
  <testcase classname="fr.femtost.disc.glcomp.m1comp6.interpreters.jjc.InterpreterVisitorTest" name="nodeTrueTest" time="0"/>
  <testcase classname="fr.femtost.disc.glcomp.m1comp6.interpreters.jjc.InterpreterVisitorTest" name="nodeNewMExceptionTest" time="0.001"/>
  <testcase classname="fr.femtost.disc.glcomp.m1comp6.interpreters.jjc.InterpreterVisitorTest" name="nodeNewArrayExceptionTest" time="0"/>
  <testcase classname="fr.femtost.disc.glcomp.m1comp6.interpreters.jjc.InterpreterVisitorTest" name="nodeSubTest1" time="0"/>
  <testcase classname="fr.femtost.disc.glcomp.m1comp6.interpreters.jjc.InterpreterVisitorTest" name="nodeSubTest2" time="0"/>
  <testcase classname="fr.femtost.disc.glcomp.m1comp6.interpreters.jjc.InterpreterVisitorTest" name="nodeGotoTest" time="0"/>
  <testcase classname="fr.femtost.disc.glcomp.m1comp6.interpreters.jjc.InterpreterVisitorTest" name="NodeAloadExceptionTest" time="0"/>
  <testcase classname="fr.femtost.disc.glcomp.m1comp6.interpreters.jjc.InterpreterVisitorTest" name="nodeCmpTestBoolean" time="0"/>
  <testcase classname="fr.femtost.disc.glcomp.m1comp6.interpreters.jjc.InterpreterVisitorTest" name="nodeCmpTestNumber" time="0"/>
  <testcase classname="fr.femtost.disc.glcomp.m1comp6.interpreters.jjc.InterpreterVisitorTest" name="nodeFalseTest" time="0"/>
  <testcase classname="fr.femtost.disc.glcomp.m1comp6.interpreters.jjc.InterpreterVisitorTest" name="NodeAstoreTest" time="0"/>
  <testcase classname="fr.femtost.disc.glcomp.m1comp6.interpreters.jjc.InterpreterVisitorTest" name="nodeSupTest1" time="0.001"/>
  <testcase classname="fr.femtost.disc.glcomp.m1comp6.interpreters.jjc.InterpreterVisitorTest" name="nodeSupTest2" time="0"/>
  <testcase classname="fr.femtost.disc.glcomp.m1comp6.interpreters.jjc.InterpreterVisitorTest" name="nodeSupTest3" time="0"/>
  <testcase classname="fr.femtost.disc.glcomp.m1comp6.interpreters.jjc.InterpreterVisitorTest" name="NodeAstoreExceptionTest" time="0"/>
</testsuite>