<?xml version="1.0" encoding="UTF-8" ?>
<testsuite tests="111" failures="0" name="fr.femtost.disc.glcomp.m1comp6.interpreters.mjj.InterpreterVisitorTest" time="0.028" errors="0" skipped="0">
  <properties>
[...]
</properties>
  <testcase classname="fr.femtost.disc.glcomp.m1comp6.interpreters.mjj.InterpreterVisitorTest" name="nodeVarTest2" time="0.005"/>
  <testcase classname="fr.femtost.disc.glcomp.m1comp6.interpreters.mjj.InterpreterVisitorTest" name="nodeVarTest3" time="0"/>
  <testcase classname="fr.femtost.disc.glcomp.m1comp6.interpreters.mjj.InterpreterVisitorTest" name="nodeVarTest4" time="0.001"/>
  <testcase classname="fr.femtost.disc.glcomp.m1comp6.interpreters.mjj.InterpreterVisitorTest" name="nodeVarTest5" time="0"/>
  <testcase classname="fr.femtost.disc.glcomp.m1comp6.interpreters.mjj.InterpreterVisitorTest" name="nodeAddTest2" time="0.001"/>
  <testcase classname="fr.femtost.disc.glcomp.m1comp6.interpreters.mjj.InterpreterVisitorTest" name="nodeVarsTest" time="0"/>
  <testcase classname="fr.femtost.disc.glcomp.m1comp6.interpreters.mjj.InterpreterVisitorTest" name="nodeMethodTest" time="0.001"/>
  <testcase classname="fr.femtost.disc.glcomp.m1comp6.interpreters.mjj.InterpreterVisitorTest" name="nodeMulTest" time="0.001"/>
  <testcase classname="fr.femtost.disc.glcomp.m1comp6.interpreters.mjj.InterpreterVisitorTest" name="nodeCstTest2" time="0"/>
  <testcase classname="fr.femtost.disc.glcomp.m1comp6.interpreters.mjj.InterpreterVisitorTest" name="nodeCstTest3" time="0"/>
  <testcase classname="fr.femtost.disc.glcomp.m1comp6.interpreters.mjj.InterpreterVisitorTest" name="nodeCstTest4" time="0.001"/>
  <testcase classname="fr.femtost.disc.glcomp.m1comp6.interpreters.mjj.InterpreterVisitorTest" name="nodeCstTest5" time="0"/>
  <testcase classname="fr.femtost.disc.glcomp.m1comp6.interpreters.mjj.InterpreterVisitorTest" name="nodeDivTest" time="0"/>
  <testcase classname="fr.femtost.disc.glcomp.m1comp6.interpreters.mjj.InterpreterVisitorTest" name="nodeAndTest2" time="0"/>
  <testcase classname="fr.femtost.disc.glcomp.m1comp6.interpreters.mjj.InterpreterVisitorTest" name="nodeAndTest3" time="0.001"/>
  <testcase classname="fr.femtost.disc.glcomp.m1comp6.interpreters.mjj.InterpreterVisitorTest" name="nodeCallETest" time="0.002"/>
  <testcase classname="fr.femtost.disc.glcomp.m1comp6.interpreters.mjj.InterpreterVisitorTest" name="nodeCallITest" time="0"/>
  <testcase classname="fr.femtost.disc.glcomp.m1comp6.interpreters.mjj.InterpreterVisitorTest" name="nodeIfTest2" time="0.001"/>
  <testcase classname="fr.femtost.disc.glcomp.m1comp6.interpreters.mjj.InterpreterVisitorTest" name="nodeIfTest3" time="0"/>
  <testcase classname="fr.femtost.disc.glcomp.m1comp6.interpreters.mjj.InterpreterVisitorTest" name="nodeExpListTest" time="0"/>
  <testcase classname="fr.femtost.disc.glcomp.m1comp6.interpreters.mjj.InterpreterVisitorTest" name="nodeNumberTest" time="0"/>
  <testcase classname="fr.femtost.disc.glcomp.m1comp6.interpreters.mjj.InterpreterVisitorTest" name="nodeClassTest2" time="0.001"/>
  <testcase classname="fr.femtost.disc.glcomp.m1comp6.interpreters.mjj.InterpreterVisitorTest" name="nodeClassTest3" time="0"/>
  <testcase classname="fr.femtost.disc.glcomp.m1comp6.interpreters.mjj.InterpreterVisitorTest" name="nodeClassTest4" time="0"/>
  <testcase classname="fr.femtost.disc.glcomp.m1comp6.interpreters.mjj.InterpreterVisitorTest" name="nodeClassTest5" time="0"/>
  <testcase classname="fr.femtost.disc.glcomp.m1comp6.interpreters.mjj.InterpreterVisitorTest" name="nodeNegTest" time="0.001"/>
  <testcase classname="fr.femtost.disc.glcomp.m1comp6.interpreters.mjj.InterpreterVisitorTest" name="nodeNotTest" time="0.001"/>
  <testcase classname="fr.femtost.disc.glcomp.m1comp6.interpreters.mjj.InterpreterVisitorTest" name="nodeBooleanTest" time="0"/>
  <testcase classname="fr.femtost.disc.glcomp.m1comp6.interpreters.mjj.InterpreterVisitorTest" name="nodeIncrementTest" time="0"/>
  <testcase classname="fr.femtost.disc.glcomp.m1comp6.interpreters.mjj.InterpreterVisitorTest" name="nodeSubTest" time="0"/>
  <testcase classname="fr.femtost.disc.glcomp.m1comp6.interpreters.mjj.InterpreterVisitorTest" name="nodeSumTest" time="0"/>
  <testcase classname="fr.femtost.disc.glcomp.m1comp6.interpreters.mjj.InterpreterVisitorTest" name="nodeSupTest" time="0"/>
  <testcase classname="fr.femtost.disc.glcomp.m1comp6.interpreters.mjj.InterpreterVisitorTest" name="nodeMainTest2" time="0"/>
  <testcase classname="fr.femtost.disc.glcomp.m1comp6.interpreters.mjj.InterpreterVisitorTest" name="nodeReturnTest2" time="0"/>
  <testcase classname="fr.femtost.disc.glcomp.m1comp6.interpreters.mjj.InterpreterVisitorTest" name="nodeMainTest" time="0"/>
  <testcase classname="fr.femtost.disc.glcomp.m1comp6.interpreters.mjj.InterpreterVisitorTest" name="nodeClassTest" time="0"/>
  <testcase classname="fr.femtost.disc.glcomp.m1comp6.interpreters.mjj.InterpreterVisitorTest" name="nodeIdentTest" time="0.001"/>
  <testcase classname="fr.femtost.disc.glcomp.m1comp6.interpreters.mjj.InterpreterVisitorTest" name="nodeVarsTest2" time="0"/>
  <testcase classname="fr.femtost.disc.glcomp.m1comp6.interpreters.mjj.InterpreterVisitorTest" name="nodeVarsTest3" time="0"/>
  <testcase classname="fr.femtost.disc.glcomp.m1comp6.interpreters.mjj.InterpreterVisitorTest" name="nodeDeclsTest2" time="0.001"/>
  <testcase classname="fr.femtost.disc.glcomp.m1comp6.interpreters.mjj.InterpreterVisitorTest" name="nodeDeclsTest3" time="0"/>
  <testcase classname="fr.femtost.disc.glcomp.m1comp6.interpreters.mjj.InterpreterVisitorTest" name="nodeAssignmentTest" time="0"/>
  <testcase classname="fr.femtost.disc.glcomp.m1comp6.interpreters.mjj.InterpreterVisitorTest" name="nodeDivTest2" time="0"/>
  <testcase classname="fr.femtost.disc.glcomp.m1comp6.interpreters.mjj.InterpreterVisitorTest" name="nodeDivTest3" time="0"/>
  <testcase classname="fr.femtost.disc.glcomp.m1comp6.interpreters.mjj.InterpreterVisitorTest" name="nodeDivTest4" time="0"/>
  <testcase classname="fr.femtost.disc.glcomp.m1comp6.interpreters.mjj.InterpreterVisitorTest" name="nodeOrTest2" time="0.001"/>
  <testcase classname="fr.femtost.disc.glcomp.m1comp6.interpreters.mjj.InterpreterVisitorTest" name="nodeOrTest3" time="0"/>
  <testcase classname="fr.femtost.disc.glcomp.m1comp6.interpreters.mjj.InterpreterVisitorTest" name="nodeArrayGetTest" time="0"/>
  <testcase classname="fr.femtost.disc.glcomp.m1comp6.interpreters.mjj.InterpreterVisitorTest" name="nodeMethodTest2" time="0"/>
  <testcase classname="fr.femtost.disc.glcomp.m1comp6.interpreters.mjj.InterpreterVisitorTest" name="nodeMethodTest3" time="0"/>
  <testcase classname="fr.femtost.disc.glcomp.m1comp6.interpreters.mjj.InterpreterVisitorTest" name="nodeAddTest" time="0"/>
  <testcase classname="fr.femtost.disc.glcomp.m1comp6.interpreters.mjj.InterpreterVisitorTest" name="nodeOmegaTest" time="0"/>
  <testcase classname="fr.femtost.disc.glcomp.m1comp6.interpreters.mjj.InterpreterVisitorTest" name="nodeDeclsTest" time="0"/>
  <testcase classname="fr.femtost.disc.glcomp.m1comp6.interpreters.mjj.InterpreterVisitorTest" name="nodeMulTest2" time="0"/>
  <testcase classname="fr.femtost.disc.glcomp.m1comp6.interpreters.mjj.InterpreterVisitorTest" name="nodeCallETest2" time="0"/>
  <testcase classname="fr.femtost.disc.glcomp.m1comp6.interpreters.mjj.InterpreterVisitorTest" name="nodeCallETest3" time="0"/>
  <testcase classname="fr.femtost.disc.glcomp.m1comp6.interpreters.mjj.InterpreterVisitorTest" name="nodeCallETest4" time="0.001"/>
  <testcase classname="fr.femtost.disc.glcomp.m1comp6.interpreters.mjj.InterpreterVisitorTest" name="nodeCallITest2" time="0"/>
  <testcase classname="fr.femtost.disc.glcomp.m1comp6.interpreters.mjj.InterpreterVisitorTest" name="nodeCallITest3" time="0"/>
  <testcase classname="fr.femtost.disc.glcomp.m1comp6.interpreters.mjj.InterpreterVisitorTest" name="nodeAndTest" time="0"/>
  <testcase classname="fr.femtost.disc.glcomp.m1comp6.interpreters.mjj.InterpreterVisitorTest" name="nodeReturnTest" time="0"/>
  <testcase classname="fr.femtost.disc.glcomp.m1comp6.interpreters.mjj.InterpreterVisitorTest" name="nodeInstrsTest" time="0"/>
  <testcase classname="fr.femtost.disc.glcomp.m1comp6.interpreters.mjj.InterpreterVisitorTest" name="nodeNegTest2" time="0"/>
  <testcase classname="fr.femtost.disc.glcomp.m1comp6.interpreters.mjj.InterpreterVisitorTest" name="nodeArrayGetTest2" time="0"/>
  <testcase classname="fr.femtost.disc.glcomp.m1comp6.interpreters.mjj.InterpreterVisitorTest" name="nodeArrayGetTest3" time="0"/>
  <testcase classname="fr.femtost.disc.glcomp.m1comp6.interpreters.mjj.InterpreterVisitorTest" name="nodeWhileTest2" time="0.001"/>
  <testcase classname="fr.femtost.disc.glcomp.m1comp6.interpreters.mjj.InterpreterVisitorTest" name="nodeWhileTest3" time="0"/>
  <testcase classname="fr.femtost.disc.glcomp.m1comp6.interpreters.mjj.InterpreterVisitorTest" name="nodeTrueTest2" time="0"/>
  <testcase classname="fr.femtost.disc.glcomp.m1comp6.interpreters.mjj.InterpreterVisitorTest" name="nodeHeaderTest" time="0"/>
  <testcase classname="fr.femtost.disc.glcomp.m1comp6.interpreters.mjj.InterpreterVisitorTest" name="nodeNotTest2" time="0"/>
  <testcase classname="fr.femtost.disc.glcomp.m1comp6.interpreters.mjj.InterpreterVisitorTest" name="nodeIncrementTest2" time="0.001"/>
  <testcase classname="fr.femtost.disc.glcomp.m1comp6.interpreters.mjj.InterpreterVisitorTest" name="nodeIncrementTest3" time="0"/>
  <testcase classname="fr.femtost.disc.glcomp.m1comp6.interpreters.mjj.InterpreterVisitorTest" name="nodeIncrementTest4" time="0"/>
  <testcase classname="fr.femtost.disc.glcomp.m1comp6.interpreters.mjj.InterpreterVisitorTest" name="nodeInstrsTest2" time="0"/>
  <testcase classname="fr.femtost.disc.glcomp.m1comp6.interpreters.mjj.InterpreterVisitorTest" name="nodeInstrsTest3" time="0"/>
  <testcase classname="fr.femtost.disc.glcomp.m1comp6.interpreters.mjj.InterpreterVisitorTest" name="nodeAssignmentTest2" time="0"/>
  <testcase classname="fr.femtost.disc.glcomp.m1comp6.interpreters.mjj.InterpreterVisitorTest" name="nodeAssignmentTest3" time="0"/>
  <testcase classname="fr.femtost.disc.glcomp.m1comp6.interpreters.mjj.InterpreterVisitorTest" name="nodeAssignmentTest4" time="0"/>
  <testcase classname="fr.femtost.disc.glcomp.m1comp6.interpreters.mjj.InterpreterVisitorTest" name="nodeAssignmentTest5" time="0"/>
  <testcase classname="fr.femtost.disc.glcomp.m1comp6.interpreters.mjj.InterpreterVisitorTest" name="nodeIfTest" time="0"/>
  <testcase classname="fr.femtost.disc.glcomp.m1comp6.interpreters.mjj.InterpreterVisitorTest" name="nodeTrueTest" time="0"/>
  <testcase classname="fr.femtost.disc.glcomp.m1comp6.interpreters.mjj.InterpreterVisitorTest" name="nodeEnilTest" time="0"/>
  <testcase classname="fr.femtost.disc.glcomp.m1comp6.interpreters.mjj.InterpreterVisitorTest" name="nodeVarTest" time="0"/>
  <testcase classname="fr.femtost.disc.glcomp.m1comp6.interpreters.mjj.InterpreterVisitorTest" name="nodeOrTest" time="0"/>
  <testcase classname="fr.femtost.disc.glcomp.m1comp6.interpreters.mjj.InterpreterVisitorTest" name="nodeCmpTest2" time="0.001"/>
  <testcase classname="fr.femtost.disc.glcomp.m1comp6.interpreters.mjj.InterpreterVisitorTest" name="nodeCmpTest3" time="0"/>
  <testcase classname="fr.femtost.disc.glcomp.m1comp6.interpreters.mjj.InterpreterVisitorTest" name="nodeIdentTest2" time="0"/>
  <testcase classname="fr.femtost.disc.glcomp.m1comp6.interpreters.mjj.InterpreterVisitorTest" name="nodeIdentTest3" time="0"/>
  <testcase classname="fr.femtost.disc.glcomp.m1comp6.interpreters.mjj.InterpreterVisitorTest" name="nodeIdentTest4" time="0"/>
  <testcase classname="fr.femtost.disc.glcomp.m1comp6.interpreters.mjj.InterpreterVisitorTest" name="nodeNumberTest2" time="0.001"/>
  <testcase classname="fr.femtost.disc.glcomp.m1comp6.interpreters.mjj.InterpreterVisitorTest" name="nodeSubTest2" time="0"/>
  <testcase classname="fr.femtost.disc.glcomp.m1comp6.interpreters.mjj.InterpreterVisitorTest" name="nodeSubTest3" time="0"/>
  <testcase classname="fr.femtost.disc.glcomp.m1comp6.interpreters.mjj.InterpreterVisitorTest" name="nodeIntegerTest" time="0"/>
  <testcase classname="fr.femtost.disc.glcomp.m1comp6.interpreters.mjj.InterpreterVisitorTest" name="nodeVoidTest" time="0.001"/>
  <testcase classname="fr.femtost.disc.glcomp.m1comp6.interpreters.mjj.InterpreterVisitorTest" name="nodeFalseTest" time="0"/>
  <testcase classname="fr.femtost.disc.glcomp.m1comp6.interpreters.mjj.InterpreterVisitorTest" name="nodeSumTest2" time="0"/>
  <testcase classname="fr.femtost.disc.glcomp.m1comp6.interpreters.mjj.InterpreterVisitorTest" name="nodeSumTest3" time="0"/>
  <testcase classname="fr.femtost.disc.glcomp.m1comp6.interpreters.mjj.InterpreterVisitorTest" name="nodeSumTest4" time="0"/>
  <testcase classname="fr.femtost.disc.glcomp.m1comp6.interpreters.mjj.InterpreterVisitorTest" name="nodeWhileTest" time="0"/>
  <testcase classname="fr.femtost.disc.glcomp.m1comp6.interpreters.mjj.InterpreterVisitorTest" name="nodeCmpTest" time="0"/>
  <testcase classname="fr.femtost.disc.glcomp.m1comp6.interpreters.mjj.InterpreterVisitorTest" name="nodeArrayTest2" time="0"/>
  <testcase classname="fr.femtost.disc.glcomp.m1comp6.interpreters.mjj.InterpreterVisitorTest" name="nodeArrayTest3" time="0.001"/>
  <testcase classname="fr.femtost.disc.glcomp.m1comp6.interpreters.mjj.InterpreterVisitorTest" name="nodeArrayTest4" time="0"/>
  <testcase classname="fr.femtost.disc.glcomp.m1comp6.interpreters.mjj.InterpreterVisitorTest" name="nodeArrayTest5" time="0"/>
  <testcase classname="fr.femtost.disc.glcomp.m1comp6.interpreters.mjj.InterpreterVisitorTest" name="nodeSupTest2" time="0.001"/>
  <testcase classname="fr.femtost.disc.glcomp.m1comp6.interpreters.mjj.InterpreterVisitorTest" name="nodeSupTest3" time="0"/>
  <testcase classname="fr.femtost.disc.glcomp.m1comp6.interpreters.mjj.InterpreterVisitorTest" name="nodeHeadersTest" time="0"/>
  <testcase classname="fr.femtost.disc.glcomp.m1comp6.interpreters.mjj.InterpreterVisitorTest" name="nodeCstTest" time="0"/>
  <testcase classname="fr.femtost.disc.glcomp.m1comp6.interpreters.mjj.InterpreterVisitorTest" name="nodeExnilTest" time="0"/>
  <testcase classname="fr.femtost.disc.glcomp.m1comp6.interpreters.mjj.InterpreterVisitorTest" name="nodeFalseTest2" time="0"/>
  <testcase classname="fr.femtost.disc.glcomp.m1comp6.interpreters.mjj.InterpreterVisitorTest" name="nodeArrayTest" time="0"/>
</testsuite>