<?xml version="1.0" encoding="UTF-8" ?>
<testsuite tests="111" failures="0" name="fr.femtost.disc.glcomp.m1comp6.typechecker.mjj.TypeCheckerVisitorTest" time="0.022" errors="0" skipped="0">
  <properties>
[...]
</properties>
  <testcase classname="fr.femtost.disc.glcomp.m1comp6.typechecker.mjj.TypeCheckerVisitorTest" name="nodeAssignmentVisitorArrayFailureExpTypeTest" time="0.005"/>
  <testcase classname="fr.femtost.disc.glcomp.m1comp6.typechecker.mjj.TypeCheckerVisitorTest" name="nodeAddVisitorFailureLeftTest" time="0"/>
  <testcase classname="fr.femtost.disc.glcomp.m1comp6.typechecker.mjj.TypeCheckerVisitorTest" name="nodeSumVisitorFailureVConstantTest" time="0"/>
  <testcase classname="fr.femtost.disc.glcomp.m1comp6.typechecker.mjj.TypeCheckerVisitorTest" name="nodeHeadersVisitorTest" time="0.001"/>
  <testcase classname="fr.femtost.disc.glcomp.m1comp6.typechecker.mjj.TypeCheckerVisitorTest" name="nodeExnilVisitorTest" time="0"/>
  <testcase classname="fr.femtost.disc.glcomp.m1comp6.typechecker.mjj.TypeCheckerVisitorTest" name="nodeArrayGetVisitorTest" time="0"/>
  <testcase classname="fr.femtost.disc.glcomp.m1comp6.typechecker.mjj.TypeCheckerVisitorTest" name="nodeDivVisitorTest" time="0.001"/>
  <testcase classname="fr.femtost.disc.glcomp.m1comp6.typechecker.mjj.TypeCheckerVisitorTest" name="nodeCallEVisitorTest" time="0"/>
  <testcase classname="fr.femtost.disc.glcomp.m1comp6.typechecker.mjj.TypeCheckerVisitorTest" name="nodeSupVisitorFailureRightTest" time="0.001"/>
  <testcase classname="fr.femtost.disc.glcomp.m1comp6.typechecker.mjj.TypeCheckerVisitorTest" name="nodeMulVisitorFailureRightTest" time="0"/>
  <testcase classname="fr.femtost.disc.glcomp.m1comp6.typechecker.mjj.TypeCheckerVisitorTest" name="nodeAssignmentVisitorArrayTest" time="0"/>
  <testcase classname="fr.femtost.disc.glcomp.m1comp6.typechecker.mjj.TypeCheckerVisitorTest" name="nodeVnilVisitorTest" time="0"/>
  <testcase classname="fr.femtost.disc.glcomp.m1comp6.typechecker.mjj.TypeCheckerVisitorTest" name="nodeSumVisitorFailureTypeTest" time="0"/>
  <testcase classname="fr.femtost.disc.glcomp.m1comp6.typechecker.mjj.TypeCheckerVisitorTest" name="nodeVarVisitorFailureVoidTest" time="0"/>
  <testcase classname="fr.femtost.disc.glcomp.m1comp6.typechecker.mjj.TypeCheckerVisitorTest" name="nodeArrayVisitorFailureVoidTest" time="0"/>
  <testcase classname="fr.femtost.disc.glcomp.m1comp6.typechecker.mjj.TypeCheckerVisitorTest" name="nodeSumVisitorFailureDeclaredTest" time="0.001"/>
  <testcase classname="fr.femtost.disc.glcomp.m1comp6.typechecker.mjj.TypeCheckerVisitorTest" name="nodeMethodVisitorFailureReturnTest" time="0.001"/>
  <testcase classname="fr.femtost.disc.glcomp.m1comp6.typechecker.mjj.TypeCheckerVisitorTest" name="nodeClassVisitorTest" time="0"/>
  <testcase classname="fr.femtost.disc.glcomp.m1comp6.typechecker.mjj.TypeCheckerVisitorTest" name="nodeEnilVisitorTest" time="0"/>
  <testcase classname="fr.femtost.disc.glcomp.m1comp6.typechecker.mjj.TypeCheckerVisitorTest" name="nodeReturnVisitorFailureVoidTest" time="0"/>
  <testcase classname="fr.femtost.disc.glcomp.m1comp6.typechecker.mjj.TypeCheckerVisitorTest" name="nodeArrayGetVisitorFailureExpTypeTest" time="0"/>
  <testcase classname="fr.femtost.disc.glcomp.m1comp6.typechecker.mjj.TypeCheckerVisitorTest" name="nodeCallIVisitorTest" time="0.001"/>
  <testcase classname="fr.femtost.disc.glcomp.m1comp6.typechecker.mjj.TypeCheckerVisitorTest" name="nodeHeaderVisitorFailureVoidTest" time="0"/>
  <testcase classname="fr.femtost.disc.glcomp.m1comp6.typechecker.mjj.TypeCheckerVisitorTest" name="nodeFalseVisitorTest" time="0"/>
  <testcase classname="fr.femtost.disc.glcomp.m1comp6.typechecker.mjj.TypeCheckerVisitorTest" name="nodeSumVisitorTest" time="0"/>
  <testcase classname="fr.femtost.disc.glcomp.m1comp6.typechecker.mjj.TypeCheckerVisitorTest" name="nodeAddVisitorTest" time="0"/>
  <testcase classname="fr.femtost.disc.glcomp.m1comp6.typechecker.mjj.TypeCheckerVisitorTest" name="nodeReturnVisitorFailureOutsideTest" time="0"/>
  <testcase classname="fr.femtost.disc.glcomp.m1comp6.typechecker.mjj.TypeCheckerVisitorTest" name="nodeCstVisitorFailureDeclaredTest" time="0"/>
  <testcase classname="fr.femtost.disc.glcomp.m1comp6.typechecker.mjj.TypeCheckerVisitorTest" name="nodeOrVisitorFailureRightTest" time="0.001"/>
  <testcase classname="fr.femtost.disc.glcomp.m1comp6.typechecker.mjj.TypeCheckerVisitorTest" name="nodeArrayGetVisitorFailureNotArrayTest" time="0"/>
  <testcase classname="fr.femtost.disc.glcomp.m1comp6.typechecker.mjj.TypeCheckerVisitorTest" name="nodeVarsVisitorTest" time="0"/>
  <testcase classname="fr.femtost.disc.glcomp.m1comp6.typechecker.mjj.TypeCheckerVisitorTest" name="nodeCstVisitorNotInitTest" time="0"/>
  <testcase classname="fr.femtost.disc.glcomp.m1comp6.typechecker.mjj.TypeCheckerVisitorTest" name="nodeHeaderVisitorFailureDeclaredTest" time="0"/>
  <testcase classname="fr.femtost.disc.glcomp.m1comp6.typechecker.mjj.TypeCheckerVisitorTest" name="nodeIdentVisitorFailureDeclaredTest" time="0"/>
  <testcase classname="fr.femtost.disc.glcomp.m1comp6.typechecker.mjj.TypeCheckerVisitorTest" name="nodeAssignmentVisitorFailureConstantTest" time="0"/>
  <testcase classname="fr.femtost.disc.glcomp.m1comp6.typechecker.mjj.TypeCheckerVisitorTest" name="nodeIncrementVisitorFailureVConstantTest" time="0"/>
  <testcase classname="fr.femtost.disc.glcomp.m1comp6.typechecker.mjj.TypeCheckerVisitorTest" name="nodeWhileVisitorFailureTest" time="0"/>
  <testcase classname="fr.femtost.disc.glcomp.m1comp6.typechecker.mjj.TypeCheckerVisitorTest" name="nodeSumVisitorArrayFailureTypeTest" time="0"/>
  <testcase classname="fr.femtost.disc.glcomp.m1comp6.typechecker.mjj.TypeCheckerVisitorTest" name="nodeMulVisitorFailureLeftTest" time="0"/>
  <testcase classname="fr.femtost.disc.glcomp.m1comp6.typechecker.mjj.TypeCheckerVisitorTest" name="nodeSubVisitorFailureRightTest" time="0"/>
  <testcase classname="fr.femtost.disc.glcomp.m1comp6.typechecker.mjj.TypeCheckerVisitorTest" name="nodeSupVisitorTest" time="0"/>
  <testcase classname="fr.femtost.disc.glcomp.m1comp6.typechecker.mjj.TypeCheckerVisitorTest" name="nodeAssignmentVisitorVConstantTest" time="0.001"/>
  <testcase classname="fr.femtost.disc.glcomp.m1comp6.typechecker.mjj.TypeCheckerVisitorTest" name="nodeSumVisitorFailureExpTypeTest" time="0"/>
  <testcase classname="fr.femtost.disc.glcomp.m1comp6.typechecker.mjj.TypeCheckerVisitorTest" name="nodeNumberVisitorTest" time="0"/>
  <testcase classname="fr.femtost.disc.glcomp.m1comp6.typechecker.mjj.TypeCheckerVisitorTest" name="nodeIntegerVisitorTest" time="0"/>
  <testcase classname="fr.femtost.disc.glcomp.m1comp6.typechecker.mjj.TypeCheckerVisitorTest" name="nodeAddVisitorFailureRightTest" time="0"/>
  <testcase classname="fr.femtost.disc.glcomp.m1comp6.typechecker.mjj.TypeCheckerVisitorTest" name="nodeIncrementVisitorTest" time="0"/>
  <testcase classname="fr.femtost.disc.glcomp.m1comp6.typechecker.mjj.TypeCheckerVisitorTest" name="nodeVarVisitorTest" time="0"/>
  <testcase classname="fr.femtost.disc.glcomp.m1comp6.typechecker.mjj.TypeCheckerVisitorTest" name="nodeCallIVisitorFailureDeclaredTest" time="0"/>
  <testcase classname="fr.femtost.disc.glcomp.m1comp6.typechecker.mjj.TypeCheckerVisitorTest" name="nodeOrVisitorTest" time="0"/>
  <testcase classname="fr.femtost.disc.glcomp.m1comp6.typechecker.mjj.TypeCheckerVisitorTest" name="nodeNotVisitorTest" time="0"/>
  <testcase classname="fr.femtost.disc.glcomp.m1comp6.typechecker.mjj.TypeCheckerVisitorTest" name="nodeVarVisitorFailureTypeTest" time="0"/>
  <testcase classname="fr.femtost.disc.glcomp.m1comp6.typechecker.mjj.TypeCheckerVisitorTest" name="nodeCstVisitorTest" time="0"/>
  <testcase classname="fr.femtost.disc.glcomp.m1comp6.typechecker.mjj.TypeCheckerVisitorTest" name="nodeIfVisitorTest" time="0.001"/>
  <testcase classname="fr.femtost.disc.glcomp.m1comp6.typechecker.mjj.TypeCheckerVisitorTest" name="nodeReturnVisitorFailureTypeTest" time="0"/>
  <testcase classname="fr.femtost.disc.glcomp.m1comp6.typechecker.mjj.TypeCheckerVisitorTest" name="nodeWhileVisitorTest" time="0"/>
  <testcase classname="fr.femtost.disc.glcomp.m1comp6.typechecker.mjj.TypeCheckerVisitorTest" name="nodeSubVisitorFailureLeftTest" time="0"/>
  <testcase classname="fr.femtost.disc.glcomp.m1comp6.typechecker.mjj.TypeCheckerVisitorTest" name="nodeNotVisitorFailureTest" time="0"/>
  <testcase classname="fr.femtost.disc.glcomp.m1comp6.typechecker.mjj.TypeCheckerVisitorTest" name="nodeCallEVisitorFailureDeclaredTest" time="0"/>
  <testcase classname="fr.femtost.disc.glcomp.m1comp6.typechecker.mjj.TypeCheckerVisitorTest" name="nodeIdentVisitorTest" time="0"/>
  <testcase classname="fr.femtost.disc.glcomp.m1comp6.typechecker.mjj.TypeCheckerVisitorTest" name="nodeIncrementVisitorArrayFailureTypeTest" time="0"/>
  <testcase classname="fr.femtost.disc.glcomp.m1comp6.typechecker.mjj.TypeCheckerVisitorTest" name="nodeAndVisitorFailureRightTest" time="0"/>
  <testcase classname="fr.femtost.disc.glcomp.m1comp6.typechecker.mjj.TypeCheckerVisitorTest" name="nodeAndVisitorTest" time="0.001"/>
  <testcase classname="fr.femtost.disc.glcomp.m1comp6.typechecker.mjj.TypeCheckerVisitorTest" name="nodeSupVisitorFailureLeftTest" time="0"/>
  <testcase classname="fr.femtost.disc.glcomp.m1comp6.typechecker.mjj.TypeCheckerVisitorTest" name="nodeMainVisitorTest" time="0"/>
  <testcase classname="fr.femtost.disc.glcomp.m1comp6.typechecker.mjj.TypeCheckerVisitorTest" name="nodeInilVisitorTest" time="0.001"/>
  <testcase classname="fr.femtost.disc.glcomp.m1comp6.typechecker.mjj.TypeCheckerVisitorTest" name="nodeMethodVisitorFailureDeepReturnTest" time="0"/>
  <testcase classname="fr.femtost.disc.glcomp.m1comp6.typechecker.mjj.TypeCheckerVisitorTest" name="nodeMethodVisitorTest" time="0"/>
  <testcase classname="fr.femtost.disc.glcomp.m1comp6.typechecker.mjj.TypeCheckerVisitorTest" name="nodeIdentVisitorScopeTest" time="0"/>
  <testcase classname="fr.femtost.disc.glcomp.m1comp6.typechecker.mjj.TypeCheckerVisitorTest" name="nodeMethodVisitorDeepReturnTest" time="0"/>
  <testcase classname="fr.femtost.disc.glcomp.m1comp6.typechecker.mjj.TypeCheckerVisitorTest" name="nodeIncrementVisitorFailureConstantTest" time="0"/>
  <testcase classname="fr.femtost.disc.glcomp.m1comp6.typechecker.mjj.TypeCheckerVisitorTest" name="nodeCstVisitorFailureVoidTest" time="0"/>
  <testcase classname="fr.femtost.disc.glcomp.m1comp6.typechecker.mjj.TypeCheckerVisitorTest" name="nodeClassVisitorFailureDeclaredTest" time="0"/>
  <testcase classname="fr.femtost.disc.glcomp.m1comp6.typechecker.mjj.TypeCheckerVisitorTest" name="nodeArrayVisitorFailureDeclaredTest" time="0"/>
  <testcase classname="fr.femtost.disc.glcomp.m1comp6.typechecker.mjj.TypeCheckerVisitorTest" name="nodeAssignmentVisitorFailureDeclaredTest" time="0"/>
  <testcase classname="fr.femtost.disc.glcomp.m1comp6.typechecker.mjj.TypeCheckerVisitorTest" name="nodeDivVisitorFailureRightTest" time="0"/>
  <testcase classname="fr.femtost.disc.glcomp.m1comp6.typechecker.mjj.TypeCheckerVisitorTest" name="nodeReturnVisitorFailureDeclaredTest" time="0"/>
  <testcase classname="fr.femtost.disc.glcomp.m1comp6.typechecker.mjj.TypeCheckerVisitorTest" name="nodeNegVisitorTest" time="0.001"/>
  <testcase classname="fr.femtost.disc.glcomp.m1comp6.typechecker.mjj.TypeCheckerVisitorTest" name="nodeIncrementVisitorFailureTypeTest" time="0"/>
  <testcase classname="fr.femtost.disc.glcomp.m1comp6.typechecker.mjj.TypeCheckerVisitorTest" name="nodeSumVisitorFailureConstantTest" time="0"/>
  <testcase classname="fr.femtost.disc.glcomp.m1comp6.typechecker.mjj.TypeCheckerVisitorTest" name="nodeDivVisitorFailureLeftTest" time="0"/>
  <testcase classname="fr.femtost.disc.glcomp.m1comp6.typechecker.mjj.TypeCheckerVisitorTest" name="nodeReturnVisitorTest" time="0"/>
  <testcase classname="fr.femtost.disc.glcomp.m1comp6.typechecker.mjj.TypeCheckerVisitorTest" name="nodeCmpVisitorTest" time="0.001"/>
  <testcase classname="fr.femtost.disc.glcomp.m1comp6.typechecker.mjj.TypeCheckerVisitorTest" name="nodeInstrsVisitorTest" time="0"/>
  <testcase classname="fr.femtost.disc.glcomp.m1comp6.typechecker.mjj.TypeCheckerVisitorTest" name="nodeBooleanVisitorTest" time="0"/>
  <testcase classname="fr.femtost.disc.glcomp.m1comp6.typechecker.mjj.TypeCheckerVisitorTest" name="nodeVoidVisitorTest" time="0"/>
  <testcase classname="fr.femtost.disc.glcomp.m1comp6.typechecker.mjj.TypeCheckerVisitorTest" name="nodeSumVisitorArrayFailureExpTypeTest" time="0"/>
  <testcase classname="fr.femtost.disc.glcomp.m1comp6.typechecker.mjj.TypeCheckerVisitorTest" name="nodeOrVisitorFailureLeftTest" time="0.001"/>
  <testcase classname="fr.femtost.disc.glcomp.m1comp6.typechecker.mjj.TypeCheckerVisitorTest" name="nodeArrayVisitorFailureExpTypeTest" time="0"/>
  <testcase classname="fr.femtost.disc.glcomp.m1comp6.typechecker.mjj.TypeCheckerVisitorTest" name="nodeSumVisitorArrayTest" time="0"/>
  <testcase classname="fr.femtost.disc.glcomp.m1comp6.typechecker.mjj.TypeCheckerVisitorTest" name="nodeDeclsVisitorTest" time="0"/>
  <testcase classname="fr.femtost.disc.glcomp.m1comp6.typechecker.mjj.TypeCheckerVisitorTest" name="nodeAssignmentVisitorTest" time="0"/>
  <testcase classname="fr.femtost.disc.glcomp.m1comp6.typechecker.mjj.TypeCheckerVisitorTest" name="nodeIfVisitorFailureTest" time="0"/>
  <testcase classname="fr.femtost.disc.glcomp.m1comp6.typechecker.mjj.TypeCheckerVisitorTest" name="nodeOmegaVisitorTest" time="0"/>
  <testcase classname="fr.femtost.disc.glcomp.m1comp6.typechecker.mjj.TypeCheckerVisitorTest" name="nodeAndVisitorFailureLeftTest" time="0"/>
  <testcase classname="fr.femtost.disc.glcomp.m1comp6.typechecker.mjj.TypeCheckerVisitorTest" name="nodeSubVisitorTest" time="0.001"/>
  <testcase classname="fr.femtost.disc.glcomp.m1comp6.typechecker.mjj.TypeCheckerVisitorTest" name="nodeMethodVisitorFailureDeclaredTest" time="0"/>
  <testcase classname="fr.femtost.disc.glcomp.m1comp6.typechecker.mjj.TypeCheckerVisitorTest" name="nodeMulVisitorTest" time="0"/>
  <testcase classname="fr.femtost.disc.glcomp.m1comp6.typechecker.mjj.TypeCheckerVisitorTest" name="nodeArrayVisitorTest" time="0"/>
  <testcase classname="fr.femtost.disc.glcomp.m1comp6.typechecker.mjj.TypeCheckerVisitorTest" name="nodeTrueVisitorTest" time="0"/>
  <testcase classname="fr.femtost.disc.glcomp.m1comp6.typechecker.mjj.TypeCheckerVisitorTest" name="nodeAssignmentVisitorFailureVConstantTest" time="0.001"/>
  <testcase classname="fr.femtost.disc.glcomp.m1comp6.typechecker.mjj.TypeCheckerVisitorTest" name="nodeCstVisitorFailureTypeTest" time="0"/>
  <testcase classname="fr.femtost.disc.glcomp.m1comp6.typechecker.mjj.TypeCheckerVisitorTest" name="nodeVarVisitorFailureDeclaredTest" time="0"/>
  <testcase classname="fr.femtost.disc.glcomp.m1comp6.typechecker.mjj.TypeCheckerVisitorTest" name="nodeHeaderVisitorTest" time="0"/>
  <testcase classname="fr.femtost.disc.glcomp.m1comp6.typechecker.mjj.TypeCheckerVisitorTest" name="nodeArrayGetVisitorFailureDeclaredTest" time="0"/>
  <testcase classname="fr.femtost.disc.glcomp.m1comp6.typechecker.mjj.TypeCheckerVisitorTest" name="nodeCmpVisitorFailureTest" time="0.001"/>
  <testcase classname="fr.femtost.disc.glcomp.m1comp6.typechecker.mjj.TypeCheckerVisitorTest" name="nodeAssignmentVisitorFailureExpTypeTest" time="0"/>
  <testcase classname="fr.femtost.disc.glcomp.m1comp6.typechecker.mjj.TypeCheckerVisitorTest" name="nodeNegVisitorFailureTest" time="0"/>
  <testcase classname="fr.femtost.disc.glcomp.m1comp6.typechecker.mjj.TypeCheckerVisitorTest" name="nodeIncrementVisitorFailureDeclaredTest" time="0"/>
  <testcase classname="fr.femtost.disc.glcomp.m1comp6.typechecker.mjj.TypeCheckerVisitorTest" name="nodeExpListVisitorTest" time="0"/>
  <testcase classname="fr.femtost.disc.glcomp.m1comp6.typechecker.mjj.TypeCheckerVisitorTest" name="nodeIncrementVisitorArrayTest" time="0"/>
</testsuite>